#
# A fatal error has been detected by the Java Runtime Environment:
#
#  EXCEPTION_ACCESS_VIOLATION (0xc0000005) at pc=0x000000006d997ecc, pid=5524, tid=5280
#
# JRE version: 6.0_27-b07
# Java VM: Java HotSpot(TM) 64-Bit Server VM (20.2-b06 mixed mode windows-amd64 compressed oops)
# Problematic frame:
# V  [jvm.dll+0x1a7ecc]
#
# If you would like to submit a bug report, please visit:
#   http://java.sun.com/webapps/bugreport/crash.jsp
#

---------------  T H R E A D  ---------------

Current thread (0x0000000006371800):  JavaThread "JDWP Transport Listener: dt_socket" daemon [_thread_in_vm, id=5280, stack(0x00000000079b0000,0x0000000007ab0000)]

siginfo: ExceptionCode=0xc0000005, reading address 0x0000000000000000

Registers:
RAX=0x0000000000000000, RBX=0x000000000a2d2cb0, RCX=0x000000006dde3aa0, RDX=0x0000000000000000
RSP=0x0000000007aaf530, RBP=0x0000000000000000, RSI=0x000000000a2d2cb8, RDI=0x000000000a2d2c98
R8 =0x00000000de352358, R9 =0x00000000daea7438, R10=0x0000000000000000, R11=0x0000000000000246
R12=0x0000000007aaf960, R13=0x0000000006377460, R14=0x0000000006371800, R15=0x0000000000000000
RIP=0x000000006d997ecc, EFLAGS=0x0000000000010246

Top of Stack: (sp=0x0000000007aaf530)
0x0000000007aaf530:   000000000a2d2cb0 0000000000000000
0x0000000007aaf540:   000000000a2d2cb8 000000000a2d2c98
0x0000000007aaf550:   0000000006371800 000000000a2d0014
0x0000000007aaf560:   0000000000000000 000000000b192fc0
0x0000000007aaf570:   000000000b192fc0 000000000b197e58
0x0000000007aaf580:   0000000000000015 00000000dc4865a8
0x0000000007aaf590:   00000000dc4865d0 1202ff4c070aff09
0x0000000007aaf5a0:   00000b08ff1154ff 000000000b19fe48
0x0000000007aaf5b0:   000000000a2d2350 000000000a2d2418
0x0000000007aaf5c0:   0000000006371800 0000000006377460
0x0000000007aaf5d0:   000000000a2cdde0 000000000a2d2cb0
0x0000000007aaf5e0:   000000000a2d5dc8 0000000007aafdf0
0x0000000007aaf5f0:   0000000000000000 0000000006371800
0x0000000007aaf600:   0000000007aaf960 0000000006377430
0x0000000007aaf610:   0000000006371fb0 00000000de3555e8
0x0000000007aaf620:   0000000000000000 000000000025c610 

Instructions: (pc=0x000000006d997ecc)
0x000000006d997eac:   10 f5 ef ff eb 04 49 89 4d 10 4c 89 38 48 89 84
0x000000006d997ebc:   24 28 01 00 00 4c 8b 03 41 8b 50 3c 85 d2 75 0c
0x000000006d997ecc:   48 8b 08 41 8b 40 34 89 41 3c eb 06 48 8b 08 89
0x000000006d997edc:   51 3c 4d 8b ae 00 01 00 00 b9 10 00 00 00 49 8b 


Register to memory mapping:

RAX=0x0000000000000000 is an unknown value
RBX=0x000000000a2d2cb0 is an unknown value
RCX=0x000000006dde3aa0 is an unknown value
RDX=0x0000000000000000 is an unknown value
RSP=0x0000000007aaf530 is pointing into the stack for thread: 0x0000000006371800
RBP=0x0000000000000000 is an unknown value
RSI=0x000000000a2d2cb8 is an unknown value
RDI=0x000000000a2d2c98 is an unknown value
R8 =0x00000000de352358 is an oop

[error occurred during error reporting (printing register info), id 0xe0000000]

Stack: [0x00000000079b0000,0x0000000007ab0000],  sp=0x0000000007aaf530,  free space=1021k
Native frames: (J=compiled Java code, j=interpreted, Vv=VM code, C=native code)
V  [jvm.dll+0x1a7ecc]

[error occurred during error reporting (printing native stack), id 0xc0000005]


---------------  P R O C E S S  ---------------

Java Threads: ( => current thread )
  0x0000000008e16000 JavaThread "1488891215@qtp-1517589558-9" [_thread_blocked, id=6604, stack(0x000000000da80000,0x000000000db80000)]
  0x0000000008e15800 JavaThread "1424859128@qtp-1517589558-8" [_thread_blocked, id=6948, stack(0x000000000d980000,0x000000000da80000)]
  0x0000000008e14000 JavaThread "pool-1-thread-2" daemon [_thread_blocked, id=6896, stack(0x000000000d780000,0x000000000d880000)]
  0x0000000008e12800 JavaThread "1440991554@qtp-1517589558-6" [_thread_blocked, id=5384, stack(0x000000000d280000,0x000000000d380000)]
  0x0000000008e11800 JavaThread "536032699@qtp-1517589558-5" [_thread_blocked, id=6720, stack(0x000000000d180000,0x000000000d280000)]
  0x0000000008e10800 JavaThread "DefaultQuartzScheduler_QuartzSchedulerThread" [_thread_blocked, id=6876, stack(0x000000000ce80000,0x000000000cf80000)]
  0x0000000008e0f800 JavaThread "DefaultQuartzScheduler_Worker-9" [_thread_blocked, id=6300, stack(0x000000000cd80000,0x000000000ce80000)]
  0x0000000008e0f000 JavaThread "DefaultQuartzScheduler_Worker-8" [_thread_blocked, id=6596, stack(0x000000000cc80000,0x000000000cd80000)]
  0x0000000008e0e000 JavaThread "DefaultQuartzScheduler_Worker-7" [_thread_blocked, id=1196, stack(0x000000000cb80000,0x000000000cc80000)]
  0x0000000008e0d800 JavaThread "DefaultQuartzScheduler_Worker-6" [_thread_blocked, id=6516, stack(0x000000000ca80000,0x000000000cb80000)]
  0x0000000008e0c800 JavaThread "DefaultQuartzScheduler_Worker-5" [_thread_blocked, id=7032, stack(0x000000000c980000,0x000000000ca80000)]
  0x0000000008e0c000 JavaThread "DefaultQuartzScheduler_Worker-4" [_thread_blocked, id=1636, stack(0x000000000c880000,0x000000000c980000)]
  0x0000000008e0b000 JavaThread "DefaultQuartzScheduler_Worker-3" [_thread_blocked, id=4640, stack(0x000000000c780000,0x000000000c880000)]
  0x0000000008dc2800 JavaThread "DefaultQuartzScheduler_Worker-2" [_thread_blocked, id=4748, stack(0x000000000c680000,0x000000000c780000)]
  0x000000000a41d800 JavaThread "DefaultQuartzScheduler_Worker-1" [_thread_blocked, id=4912, stack(0x000000000c580000,0x000000000c680000)]
  0x0000000008690800 JavaThread "DefaultQuartzScheduler_Worker-0" [_thread_blocked, id=6480, stack(0x0000000009c80000,0x0000000009d80000)]
  0x000000000a25e000 JavaThread "Thread-9" daemon [_thread_blocked, id=6532, stack(0x000000000c480000,0x000000000c580000)]
  0x00000000093cc800 JavaThread "Thread-8" daemon [_thread_blocked, id=6688, stack(0x000000000c380000,0x000000000c480000)]
  0x00000000084b6800 JavaThread "187567663@qtp-1517589558-3" [_thread_blocked, id=5144, stack(0x000000000c280000,0x000000000c380000)]
  0x000000000a295800 JavaThread "Timer-1" daemon [_thread_blocked, id=4288, stack(0x000000000a080000,0x000000000a180000)]
  0x00000000095c1800 JavaThread "Timer-0" daemon [_thread_blocked, id=4808, stack(0x0000000009f80000,0x000000000a080000)]
  0x0000000008f59000 JavaThread "732753528@qtp-1517589558-1 - Acceptor0 SelectChannelConnector@127.0.0.1:8888" [_thread_in_native, id=5368, stack(0x0000000009e80000,0x0000000009f80000)]
  0x0000000007d77000 JavaThread "Low Memory Detector" daemon [_thread_blocked, id=6400, stack(0x00000000082b0000,0x00000000083b0000)]
  0x0000000007d71000 JavaThread "C2 CompilerThread1" daemon [_thread_blocked, id=6844, stack(0x00000000081b0000,0x00000000082b0000)]
  0x0000000007d5e000 JavaThread "C2 CompilerThread0" daemon [_thread_blocked, id=160, stack(0x00000000080b0000,0x00000000081b0000)]
  0x0000000006380000 JavaThread "JDWP Command Reader" daemon [_thread_in_native, id=6952, stack(0x0000000007bb0000,0x0000000007cb0000)]
  0x000000000637f000 JavaThread "JDWP Event Helper Thread" daemon [_thread_blocked, id=2544, stack(0x0000000007ab0000,0x0000000007bb0000)]
=>0x0000000006371800 JavaThread "JDWP Transport Listener: dt_socket" daemon [_thread_in_vm, id=5280, stack(0x00000000079b0000,0x0000000007ab0000)]
  0x0000000006323800 JavaThread "Attach Listener" daemon [_thread_blocked, id=6908, stack(0x0000000007150000,0x0000000007250000)]
  0x0000000006321000 JavaThread "Signal Dispatcher" daemon [_thread_blocked, id=6476, stack(0x0000000007050000,0x0000000007150000)]
  0x000000000630d000 JavaThread "Finalizer" daemon [_thread_blocked, id=2240, stack(0x0000000006f50000,0x0000000007050000)]
  0x00000000002cf000 JavaThread "Reference Handler" daemon [_thread_blocked, id=5996, stack(0x0000000006e50000,0x0000000006f50000)]
  0x00000000003cb000 JavaThread "main" [_thread_blocked, id=6960, stack(0x0000000002560000,0x0000000002660000)]

Other Threads:
  0x00000000002cd800 VMThread [stack: 0x0000000006d50000,0x0000000006e50000] [id=5416]
  0x0000000007d81000 WatcherThread [stack: 0x00000000083b0000,0x00000000084b0000] [id=6468]

VM state:not at safepoint (normal execution)

VM Mutex/Monitor currently owned by a thread: None

Heap
 PSYoungGen      total 61824K, used 8K [0x00000000f5560000, 0x00000000f9f00000, 0x0000000100000000)
  eden space 59392K, 0% used [0x00000000f5560000,0x00000000f55620b8,0x00000000f8f60000)
  from space 2432K, 0% used [0x00000000f9a40000,0x00000000f9a40000,0x00000000f9ca0000)
  to   space 2368K, 0% used [0x00000000f9cb0000,0x00000000f9cb0000,0x00000000f9f00000)
 PSOldGen        total 96640K, used 14493K [0x00000000e0000000, 0x00000000e5e60000, 0x00000000f5560000)
  object space 96640K, 14% used [0x00000000e0000000,0x00000000e0e27440,0x00000000e5e60000)
 PSPermGen       total 83968K, used 83962K [0x00000000dae00000, 0x00000000e0000000, 0x00000000e0000000)
  object space 83968K, 99% used [0x00000000dae00000,0x00000000dfffe8a8,0x00000000e0000000)

Code Cache  [0x0000000002760000, 0x0000000002b40000, 0x0000000005760000)
 total_blobs=1418 nmethods=1068 adapters=310 free_code_cache=46347648 largest_free_block=7872

Dynamic libraries:
0x0000000000400000 - 0x000000000042e000 	C:\Program Files\Java\jre6\bin\javaw.exe
0x0000000076f40000 - 0x00000000770e9000 	C:\Windows\SYSTEM32\ntdll.dll
0x0000000076bd0000 - 0x0000000076cef000 	C:\Windows\system32\kernel32.dll
0x000007fefd470000 - 0x000007fefd4db000 	C:\Windows\system32\KERNELBASE.dll
0x000007fefdc50000 - 0x000007fefdd2b000 	C:\Windows\system32\ADVAPI32.dll
0x000007fefd770000 - 0x000007fefd80f000 	C:\Windows\system32\msvcrt.dll
0x000007fefd8e0000 - 0x000007fefd8ff000 	C:\Windows\SYSTEM32\sechost.dll
0x000007feff080000 - 0x000007feff1ad000 	C:\Windows\system32\RPCRT4.dll
0x0000000076cf0000 - 0x0000000076dea000 	C:\Windows\system32\USER32.dll
0x000007feff010000 - 0x000007feff077000 	C:\Windows\system32\GDI32.dll
0x000007fefd900000 - 0x000007fefd90e000 	C:\Windows\system32\LPK.dll
0x000007fefd810000 - 0x000007fefd8d9000 	C:\Windows\system32\USP10.dll
0x000007fefed00000 - 0x000007fefed2e000 	C:\Windows\system32\IMM32.DLL
0x000007fefebf0000 - 0x000007fefecf9000 	C:\Windows\system32\MSCTF.dll
0x000000006d7f0000 - 0x000000006dfa8000 	C:\Program Files\Java\jre6\bin\server\jvm.dll
0x000007fefa030000 - 0x000007fefa06b000 	C:\Windows\system32\WINMM.dll
0x000000006d760000 - 0x000000006d76e000 	C:\Program Files\Java\jre6\bin\verify.dll
0x000000006d3b0000 - 0x000000006d3d7000 	C:\Program Files\Java\jre6\bin\java.dll
0x000000006d420000 - 0x000000006d454000 	C:\Program Files\Java\jre6\bin\jdwp.dll
0x000000006d630000 - 0x000000006d638000 	C:\Program Files\Java\jre6\bin\npt.dll
0x000000006d360000 - 0x000000006d380000 	C:\Program Files\Java\jre6\bin\instrument.dll
0x000000006d7b0000 - 0x000000006d7c2000 	C:\Program Files\Java\jre6\bin\zip.dll
0x000000006d270000 - 0x000000006d279000 	C:\Program Files\Java\jre6\bin\dt_socket.dll
0x000007fefd910000 - 0x000007fefd95d000 	C:\Windows\system32\WS2_32.dll
0x000007fefdd30000 - 0x000007fefdd38000 	C:\Windows\system32\NSI.dll
0x000007fefa780000 - 0x000007fefa795000 	C:\Windows\system32\NLAapi.dll
0x000007fef2e30000 - 0x000007fef2e45000 	C:\Windows\system32\napinsp.dll
0x000007fef2dc0000 - 0x000007fef2dd9000 	C:\Windows\system32\pnrpnsp.dll
0x000007fefcbd0000 - 0x000007fefcc25000 	C:\Windows\System32\mswsock.dll
0x000007fefca50000 - 0x000007fefcaab000 	C:\Windows\system32\DNSAPI.dll
0x000007fef2d70000 - 0x000007fef2d7b000 	C:\Windows\System32\winrnr.dll
0x000007fef3590000 - 0x000007fef35be000 	C:\Program Files\Common Files\Microsoft Shared\Windows Live\WLIDNSP.DLL
0x0000000077110000 - 0x0000000077117000 	C:\Windows\system32\PSAPI.DLL
0x000007fefed30000 - 0x000007fefeda1000 	C:\Windows\system32\SHLWAPI.dll
0x000007fef9db0000 - 0x000007fef9dd7000 	C:\Windows\system32\IPHLPAPI.DLL
0x000007fef9da0000 - 0x000007fef9dab000 	C:\Windows\system32\WINNSI.DLL
0x000007fef9850000 - 0x000007fef98a3000 	C:\Windows\System32\fwpuclnt.dll
0x000007fef3580000 - 0x000007fef3588000 	C:\Windows\system32\rasadhlp.dll
0x000007fefc580000 - 0x000007fefc587000 	C:\Windows\System32\wshtcpip.dll
0x000007fefcc30000 - 0x000007fefcc47000 	C:\Windows\system32\CRYPTSP.dll
0x000007fefc930000 - 0x000007fefc977000 	C:\Windows\system32\rsaenh.dll
0x000007fefc6a0000 - 0x000007fefc6be000 	C:\Windows\system32\USERENV.dll
0x000007fefd3a0000 - 0x000007fefd3af000 	C:\Windows\system32\profapi.dll
0x000007fefd290000 - 0x000007fefd29f000 	C:\Windows\system32\CRYPTBASE.dll
0x000000006d600000 - 0x000000006d617000 	C:\Program Files\Java\jre6\bin\net.dll
0x000007fefcbc0000 - 0x000007fefcbc7000 	C:\Windows\System32\wship6.dll
0x000000006d620000 - 0x000000006d62b000 	C:\Program Files\Java\jre6\bin\nio.dll
0x000007fef2e60000 - 0x000007fef2f85000 	C:\Windows\system32\dbghelp.dll

VM Arguments:
jvm_args: -agentlib:jdwp=transport=dt_socket,suspend=y,address=localhost:51119 -javaagent:C:\develop\pleiades-e3.7-ultimate-jre_20110623\eclipse\plugins\com.google.appengine.eclipse.sdkbundle_1.7.5\appengine-java-sdk-1.7.5\lib\agent\appengine-agent.jar -Xmx512m -Dsocket.permit_connect=true -Dfile.encoding=UTF-8 -Xbootclasspath/a:C:\develop\pleiades-e3.7-ultimate-jre_20110623\eclipse\configuration\org.eclipse.osgi\bundles\985\1\.cp\lib\scala-library.jar;C:\develop\pleiades-e3.7-ultimate-jre_20110623\eclipse\configuration\org.eclipse.osgi\bundles\985\1\.cp\lib\scala-dbc.jar;C:\develop\pleiades-e3.7-ultimate-jre_20110623\eclipse\configuration\org.eclipse.osgi\bundles\985\1\.cp\lib\scala-swing.jar 
java_command: com.google.appengine.tools.development.DevAppServerMain --port=8888 C:\home\common\cloudbeat\war
Launcher Type: SUN_STANDARD

Environment Variables:
JAVA_HOME=C:\Program Files\Java\jdk1.6.0_27
PATH=C:\Program Files\Common Files\Microsoft Shared\Windows Live;C:\Program Files (x86)\Common Files\Microsoft Shared\Windows Live;C:\Windows\system32;C:\Windows;C:\Windows\System32\Wbem;C:\Windows\System32\WindowsPowerShell\v1.0\;C:\Program Files (x86)\Windows Live\Shared;C:\home\common\maven-1.0.2/bin;C:\Program Files (x86)\MySQL\MySQL Server 5.5\bin;JAVA_HOME\bin;C:\Program Files (x86)\Windows Installer XML v3.5\\bin;C:\Program Files\SlikSvn\bin\;C:\Program Files (x86)\PostgreSQL\8.4\bin;C:\Program Files\TortoiseSVN\bin;C:\home\common\play-2.0.3_CA;c:\Program Files (x86)\Microsoft SQL Server\110\Tools\Binn\;c:\Program Files\Microsoft SQL Server\110\Tools\Binn\;c:\Program Files\Microsoft SQL Server\110\DTS\Binn\;c:\Program Files (x86)\Microsoft SQL Server\110\Tools\Binn\ManagementStudio\;c:\Program Files (x86)\Microsoft SQL Server\110\DTS\Binn\;C:\home\common\maven-1.0.2\bin;C:\home\common\apache-maven-2.2.1\bin;C:\Program Files (x86)\Git\cmd;C:\Program Files (x86)\scala\\bin;C:\develop\android-sdk-windows\tools;C:\Program Files\Java\jdk1.6.0_27\bin;C:\home\common\play-2.0.3_CA;
USERNAME=develop57
OS=Windows_NT
PROCESSOR_IDENTIFIER=Intel64 Family 6 Model 42 Stepping 7, GenuineIntel



---------------  S Y S T E M  ---------------

OS: Windows 7 , 64 bit Build 7601 Service Pack 1

CPU:total 8 (4 cores per cpu, 2 threads per core) family 6 model 42 stepping 7, cmov, cx8, fxsr, mmx, sse, sse2, sse3, ssse3, sse4.1, sse4.2, popcnt, ht

Memory: 4k page, physical 4039096k(997556k free), swap 8076332k(3452724k free)

vm_info: Java HotSpot(TM) 64-Bit Server VM (20.2-b06) for windows-amd64 JRE (1.6.0_27-b07), built on Jul 19 2011 01:08:22 by "java_re" with MS VC++ 8.0 (VS2005)

time: Mon May 13 11:26:04 2013
elapsed time: 198 seconds

