#
# A fatal error has been detected by the Java Runtime Environment:
#
#  Internal Error (jvmtiRedefineClasses.cpp:1509), pid=1036, tid=3160
#  guarantee(false) failed: insert_space_at() failed
#
# JRE version: 6.0_27-b07
# Java VM: Java HotSpot(TM) 64-Bit Server VM (20.2-b06 mixed mode windows-amd64 compressed oops)
# If you would like to submit a bug report, please visit:
#   http://java.sun.com/webapps/bugreport/crash.jsp
#

---------------  T H R E A D  ---------------

Current thread (0x0000000006340800):  JavaThread "JDWP Transport Listener: dt_socket" daemon [_thread_in_vm, id=3160, stack(0x00000000077c0000,0x00000000078c0000)]

Stack: [0x00000000077c0000,0x00000000078c0000]

---------------  P R O C E S S  ---------------

Java Threads: ( => current thread )
  0x0000000007d3e000 JavaThread "1372926474@qtp-2006817805-26" [_thread_blocked, id=4088, stack(0x000000000c730000,0x000000000c830000)]
  0x0000000007d3f800 JavaThread "522119553@qtp-2006817805-25" [_thread_blocked, id=6768, stack(0x0000000009cf0000,0x0000000009df0000)]
  0x0000000007d3c800 JavaThread "1470332609@qtp-2006817805-24" [_thread_blocked, id=3804, stack(0x000000000c830000,0x000000000c930000)]
  0x0000000007d3b000 JavaThread "1972479005@qtp-2006817805-21" [_thread_blocked, id=6308, stack(0x000000000b120000,0x000000000b220000)]
  0x0000000007d3e800 JavaThread "106054683@qtp-2006817805-20" [_thread_blocked, id=3316, stack(0x0000000009ef0000,0x0000000009ff0000)]
  0x000000000a529000 JavaThread "Thread-7" daemon [_thread_blocked, id=4668, stack(0x000000000c630000,0x000000000c730000)]
  0x00000000092fd000 JavaThread "Thread-6" daemon [_thread_blocked, id=2936, stack(0x000000000b3b0000,0x000000000b4b0000)]
  0x0000000009be8800 JavaThread "Timer-1" daemon [_thread_blocked, id=2632, stack(0x000000000b2b0000,0x000000000b3b0000)]
  0x0000000008bd7800 JavaThread "Timer-0" daemon [_thread_blocked, id=5840, stack(0x000000000a010000,0x000000000a110000)]
  0x0000000008f76800 JavaThread "2060302931@qtp-2006817805-1 - Acceptor0 SelectChannelConnector@127.0.0.1:8888" [_thread_in_native, id=3724, stack(0x0000000009df0000,0x0000000009ef0000)]
  0x0000000007d06000 JavaThread "Low Memory Detector" daemon [_thread_blocked, id=6004, stack(0x0000000008220000,0x0000000008320000)]
  0x0000000007d00800 JavaThread "C2 CompilerThread1" daemon [_thread_blocked, id=1104, stack(0x0000000008120000,0x0000000008220000)]
  0x0000000007cfd800 JavaThread "C2 CompilerThread0" daemon [_thread_blocked, id=3396, stack(0x0000000008020000,0x0000000008120000)]
  0x000000000634b800 JavaThread "JDWP Command Reader" daemon [_thread_in_native, id=5264, stack(0x0000000007b20000,0x0000000007c20000)]
  0x0000000006346800 JavaThread "JDWP Event Helper Thread" daemon [_thread_blocked, id=6068, stack(0x0000000007a20000,0x0000000007b20000)]
=>0x0000000006340800 JavaThread "JDWP Transport Listener: dt_socket" daemon [_thread_in_vm, id=3160, stack(0x00000000077c0000,0x00000000078c0000)]
  0x00000000062ef800 JavaThread "Attach Listener" daemon [_thread_blocked, id=2520, stack(0x0000000007120000,0x0000000007220000)]
  0x00000000062ee800 JavaThread "Signal Dispatcher" daemon [_thread_blocked, id=1216, stack(0x0000000007020000,0x0000000007120000)]
  0x00000000062dd000 JavaThread "Finalizer" daemon [_thread_blocked, id=6012, stack(0x0000000006f20000,0x0000000007020000)]
  0x00000000062d6800 JavaThread "Reference Handler" daemon [_thread_blocked, id=4868, stack(0x0000000006e20000,0x0000000006f20000)]
  0x00000000005db000 JavaThread "main" [_thread_blocked, id=4536, stack(0x0000000002510000,0x0000000002610000)]

Other Threads:
  0x00000000062cd000 VMThread [stack: 0x0000000006d20000,0x0000000006e20000] [id=5844]
  0x0000000007d11000 WatcherThread [stack: 0x0000000008320000,0x0000000008420000] [id=5104]

VM state:not at safepoint (normal execution)

VM Mutex/Monitor currently owned by a thread: None

Heap
 PSYoungGen      total 27520K, used 0K [0x00000000f5560000, 0x00000000f7460000, 0x0000000100000000)
  eden space 26944K, 0% used [0x00000000f5560000,0x00000000f5560000,0x00000000f6fb0000)
  from space 576K, 0% used [0x00000000f7340000,0x00000000f7340000,0x00000000f73d0000)
  to   space 576K, 0% used [0x00000000f73d0000,0x00000000f73d0000,0x00000000f7460000)
 PSOldGen        total 170944K, used 17440K [0x00000000e0000000, 0x00000000ea6f0000, 0x00000000f5560000)
  object space 170944K, 10% used [0x00000000e0000000,0x00000000e11080a8,0x00000000ea6f0000)
 PSPermGen       total 83968K, used 83967K [0x00000000dae00000, 0x00000000e0000000, 0x00000000e0000000)
  object space 83968K, 99% used [0x00000000dae00000,0x00000000dfffff70,0x00000000e0000000)

Code Cache  [0x0000000002730000, 0x0000000002b40000, 0x0000000005730000)
 total_blobs=1484 nmethods=1153 adapters=290 free_code_cache=46198528 largest_free_block=18368

Dynamic libraries:
0x0000000000400000 - 0x000000000042e000 	C:\Program Files\Java\jre6\bin\javaw.exe
0x0000000077450000 - 0x00000000775f9000 	C:\Windows\SYSTEM32\ntdll.dll
0x00000000771e0000 - 0x00000000772ff000 	C:\Windows\system32\kernel32.dll
0x000007fefdbf0000 - 0x000007fefdc5b000 	C:\Windows\system32\KERNELBASE.dll
0x000007feff670000 - 0x000007feff74b000 	C:\Windows\system32\ADVAPI32.dll
0x000007fefe160000 - 0x000007fefe1ff000 	C:\Windows\system32\msvcrt.dll
0x000007fefe140000 - 0x000007fefe15f000 	C:\Windows\SYSTEM32\sechost.dll
0x000007feff540000 - 0x000007feff66d000 	C:\Windows\system32\RPCRT4.dll
0x0000000076d70000 - 0x0000000076e6a000 	C:\Windows\system32\USER32.dll
0x000007feff120000 - 0x000007feff187000 	C:\Windows\system32\GDI32.dll
0x000007feff090000 - 0x000007feff09e000 	C:\Windows\system32\LPK.dll
0x000007fefe070000 - 0x000007fefe139000 	C:\Windows\system32\USP10.dll
0x000007feff510000 - 0x000007feff53e000 	C:\Windows\system32\IMM32.DLL
0x000007feff3b0000 - 0x000007feff4b9000 	C:\Windows\system32\MSCTF.dll
0x000000006d7f0000 - 0x000000006dfa8000 	C:\Program Files\Java\jre6\bin\server\jvm.dll
0x000007fefafc0000 - 0x000007fefaffb000 	C:\Windows\system32\WINMM.dll
0x000000006d760000 - 0x000000006d76e000 	C:\Program Files\Java\jre6\bin\verify.dll
0x000000006d3b0000 - 0x000000006d3d7000 	C:\Program Files\Java\jre6\bin\java.dll
0x000000006d420000 - 0x000000006d454000 	C:\Program Files\Java\jre6\bin\jdwp.dll
0x000000006d630000 - 0x000000006d638000 	C:\Program Files\Java\jre6\bin\npt.dll
0x000000006d360000 - 0x000000006d380000 	C:\Program Files\Java\jre6\bin\instrument.dll
0x000000006d7b0000 - 0x000000006d7c2000 	C:\Program Files\Java\jre6\bin\zip.dll
0x000000006d270000 - 0x000000006d279000 	C:\Program Files\Java\jre6\bin\dt_socket.dll
0x000007feff4c0000 - 0x000007feff50d000 	C:\Windows\system32\WS2_32.dll
0x000007feff750000 - 0x000007feff758000 	C:\Windows\system32\NSI.dll
0x000007fefafa0000 - 0x000007fefafb5000 	C:\Windows\system32\NLAapi.dll
0x000007fef38d0000 - 0x000007fef38e5000 	C:\Windows\system32\napinsp.dll
0x000007fef38b0000 - 0x000007fef38c9000 	C:\Windows\system32\pnrpnsp.dll
0x000007fefd0e0000 - 0x000007fefd135000 	C:\Windows\System32\mswsock.dll
0x000007fefcf60000 - 0x000007fefcfbb000 	C:\Windows\system32\DNSAPI.dll
0x000007fef38a0000 - 0x000007fef38ab000 	C:\Windows\System32\winrnr.dll
0x000007fef3870000 - 0x000007fef389e000 	C:\Program Files\Common Files\Microsoft Shared\Windows Live\WLIDNSP.DLL
0x0000000077620000 - 0x0000000077627000 	C:\Windows\system32\PSAPI.DLL
0x000007feff0a0000 - 0x000007feff111000 	C:\Windows\system32\SHLWAPI.dll
0x000007fefac40000 - 0x000007fefac67000 	C:\Windows\system32\IPHLPAPI.DLL
0x000007fefac30000 - 0x000007fefac3b000 	C:\Windows\system32\WINNSI.DLL
0x000007fefa450000 - 0x000007fefa4a3000 	C:\Windows\System32\fwpuclnt.dll
0x000007fef1610000 - 0x000007fef1618000 	C:\Windows\system32\rasadhlp.dll
0x000007fefca90000 - 0x000007fefca97000 	C:\Windows\System32\wshtcpip.dll
0x000007fefd140000 - 0x000007fefd157000 	C:\Windows\system32\CRYPTSP.dll
0x000007fefce40000 - 0x000007fefce87000 	C:\Windows\system32\rsaenh.dll
0x000007fefcbb0000 - 0x000007fefcbce000 	C:\Windows\system32\USERENV.dll
0x000007fefd8b0000 - 0x000007fefd8bf000 	C:\Windows\system32\profapi.dll
0x000007fefd7e0000 - 0x000007fefd7ef000 	C:\Windows\system32\CRYPTBASE.dll
0x000000006d600000 - 0x000000006d617000 	C:\Program Files\Java\jre6\bin\net.dll
0x000007fefd0d0000 - 0x000007fefd0d7000 	C:\Windows\System32\wship6.dll
0x000000006d620000 - 0x000000006d62b000 	C:\Program Files\Java\jre6\bin\nio.dll

VM Arguments:
jvm_args: -agentlib:jdwp=transport=dt_socket,suspend=y,address=localhost:50553 -javaagent:C:\develop\pleiades-e3.7-ultimate-jre_20110623\eclipse\plugins\com.google.appengine.eclipse.sdkbundle_1.7.5\appengine-java-sdk-1.7.5\lib\agent\appengine-agent.jar -Xmx512m -Dfile.encoding=UTF-8 -Xbootclasspath/a:C:\develop\pleiades-e3.7-ultimate-jre_20110623\eclipse\configuration\org.eclipse.osgi\bundles\944\1\.cp\lib\scala-library.jar;C:\develop\pleiades-e3.7-ultimate-jre_20110623\eclipse\configuration\org.eclipse.osgi\bundles\944\1\.cp\lib\scala-dbc.jar;C:\develop\pleiades-e3.7-ultimate-jre_20110623\eclipse\configuration\org.eclipse.osgi\bundles\944\1\.cp\lib\scala-swing.jar 
java_command: com.google.appengine.tools.development.DevAppServerMain --port=8888 C:\home\common\cloudbeat\war
Launcher Type: SUN_STANDARD

Environment Variables:
JAVA_HOME=C:\Program Files\Java\jdk1.6.0_27
PATH=C:\Program Files\Common Files\Microsoft Shared\Windows Live;C:\Program Files (x86)\Common Files\Microsoft Shared\Windows Live;C:\Windows\system32;C:\Windows;C:\Windows\System32\Wbem;C:\Windows\System32\WindowsPowerShell\v1.0\;C:\Program Files (x86)\Windows Live\Shared;C:\home\common\maven-1.0.2/bin;C:\Program Files (x86)\MySQL\MySQL Server 5.5\bin;JAVA_HOME\bin;C:\Program Files (x86)\Windows Installer XML v3.5\\bin;C:\Program Files\SlikSvn\bin\;C:\Program Files (x86)\PostgreSQL\8.4\bin;C:\Program Files\TortoiseSVN\bin;C:\home\common\play-2.0.3_CA;c:\Program Files (x86)\Microsoft SQL Server\110\Tools\Binn\;c:\Program Files\Microsoft SQL Server\110\Tools\Binn\;c:\Program Files\Microsoft SQL Server\110\DTS\Binn\;c:\Program Files (x86)\Microsoft SQL Server\110\Tools\Binn\ManagementStudio\;c:\Program Files (x86)\Microsoft SQL Server\110\DTS\Binn\;C:\home\common\maven-1.0.2\bin;C:\home\common\apache-maven-2.2.1\bin;C:\Program Files (x86)\Git\cmd;C:\Program Files (x86)\scala\\bin;C:\develop\android-sdk-windows\tools;C:\Program Files\Java\jdk1.6.0_27\bin;C:\home\common\play-2.0.3_CA;
USERNAME=develop57
OS=Windows_NT
PROCESSOR_IDENTIFIER=Intel64 Family 6 Model 42 Stepping 7, GenuineIntel



---------------  S Y S T E M  ---------------

OS: Windows 7 , 64 bit Build 7601 Service Pack 1

CPU:total 8 (4 cores per cpu, 2 threads per core) family 6 model 42 stepping 7, cmov, cx8, fxsr, mmx, sse, sse2, sse3, ssse3, sse4.1, sse4.2, popcnt, ht

Memory: 4k page, physical 4039096k(661628k free), swap 8076332k(3024380k free)

vm_info: Java HotSpot(TM) 64-Bit Server VM (20.2-b06) for windows-amd64 JRE (1.6.0_27-b07), built on Jul 19 2011 01:08:22 by "java_re" with MS VC++ 8.0 (VS2005)

time: Wed May 08 17:11:20 2013
elapsed time: 2555 seconds

